[debug] [2023-05-08T07:10:39.750Z] ----------------------------------------------------------------------
[debug] [2023-05-08T07:10:39.751Z] Command:       /Users/wa-pc052/.nvm/versions/node/v18.6.0/bin/node /Users/wa-pc052/.nvm/versions/node/v18.6.0/bin/firebase init
[debug] [2023-05-08T07:10:39.752Z] CLI Version:   11.30.0
[debug] [2023-05-08T07:10:39.752Z] Platform:      darwin
[debug] [2023-05-08T07:10:39.752Z] Node Version:  v18.6.0
[debug] [2023-05-08T07:10:39.754Z] Time:          Mon May 08 2023 16:10:39 GMT+0900 (Japan Standard Time)
[debug] [2023-05-08T07:10:39.754Z] ----------------------------------------------------------------------
[debug] 
[debug] [2023-05-08T07:10:39.760Z] > command requires scopes: ["email","openid","https://www.googleapis.com/auth/cloudplatformprojects.readonly","https://www.googleapis.com/auth/firebase","https://www.googleapis.com/auth/cloud-platform"]
[debug] [2023-05-08T07:10:39.760Z] > authorizing via signed-in user (qaz741qhn@gmail.com)
[info] 
     ######## #### ########  ######## ########     ###     ######  ########
     ##        ##  ##     ## ##       ##     ##  ##   ##  ##       ##
     ######    ##  ########  ######   ########  #########  ######  ######
     ##        ##  ##    ##  ##       ##     ## ##     ##       ## ##
     ##       #### ##     ## ######## ########  ##     ##  ######  ########

You're about to initialize a Firebase project in this directory:

  /Users/wa-pc052/Documents/counter

[info] 
=== Project Setup
[info] 
[info] First, let's associate this project directory with a Firebase project.
[info] You can create multiple project aliases by running firebase use --add, 
[info] but for now we'll just set up a default project.
[info] 
[debug] [2023-05-08T07:12:15.535Z] >>> [apiv2][query] GET https://firebase.googleapis.com/v1beta1/projects pageSize=100
[debug] [2023-05-08T07:12:16.338Z] <<< [apiv2][status] GET https://firebase.googleapis.com/v1beta1/projects 200
[debug] [2023-05-08T07:12:16.338Z] <<< [apiv2][body] GET https://firebase.googleapis.com/v1beta1/projects [omitted]
[info] i  Using project my-counter-386106 (My Counter) 
[info] 
=== Database Setup
[info] i  database: ensuring required API firebasedatabase.googleapis.com is enabled... 
[debug] [2023-05-08T07:12:18.841Z] >>> [apiv2][query] GET https://serviceusage.googleapis.com/v1/projects/my-counter-386106/services/firebasedatabase.googleapis.com [none]
[debug] [2023-05-08T07:12:18.841Z] >>> [apiv2][(partial)header] GET https://serviceusage.googleapis.com/v1/projects/my-counter-386106/services/firebasedatabase.googleapis.com x-goog-quota-user=projects/my-counter-386106
[debug] [2023-05-08T07:12:20.015Z] <<< [apiv2][status] GET https://serviceusage.googleapis.com/v1/projects/my-counter-386106/services/firebasedatabase.googleapis.com 200
[debug] [2023-05-08T07:12:20.015Z] <<< [apiv2][body] GET https://serviceusage.googleapis.com/v1/projects/my-counter-386106/services/firebasedatabase.googleapis.com [omitted]
[warn] ⚠  database: missing required API firebasedatabase.googleapis.com. Enabling now... 
[debug] [2023-05-08T07:12:20.017Z] >>> [apiv2][query] POST https://serviceusage.googleapis.com/v1/projects/my-counter-386106/services/firebasedatabase.googleapis.com:enable [none]
[debug] [2023-05-08T07:12:20.017Z] >>> [apiv2][(partial)header] POST https://serviceusage.googleapis.com/v1/projects/my-counter-386106/services/firebasedatabase.googleapis.com:enable x-goog-quota-user=projects/my-counter-386106
[debug] [2023-05-08T07:12:21.348Z] <<< [apiv2][status] POST https://serviceusage.googleapis.com/v1/projects/my-counter-386106/services/firebasedatabase.googleapis.com:enable 200
[debug] [2023-05-08T07:12:21.348Z] <<< [apiv2][body] POST https://serviceusage.googleapis.com/v1/projects/my-counter-386106/services/firebasedatabase.googleapis.com:enable [omitted]
[debug] [2023-05-08T07:12:31.352Z] >>> [apiv2][query] GET https://serviceusage.googleapis.com/v1/projects/my-counter-386106/services/firebasedatabase.googleapis.com [none]
[debug] [2023-05-08T07:12:31.352Z] >>> [apiv2][(partial)header] GET https://serviceusage.googleapis.com/v1/projects/my-counter-386106/services/firebasedatabase.googleapis.com x-goog-quota-user=projects/my-counter-386106
[debug] [2023-05-08T07:12:32.507Z] <<< [apiv2][status] GET https://serviceusage.googleapis.com/v1/projects/my-counter-386106/services/firebasedatabase.googleapis.com 200
[debug] [2023-05-08T07:12:32.507Z] <<< [apiv2][body] GET https://serviceusage.googleapis.com/v1/projects/my-counter-386106/services/firebasedatabase.googleapis.com [omitted]
[info] ✔  database: required API firebasedatabase.googleapis.com is enabled 
[info] 
[debug] [2023-05-08T07:12:32.512Z] >>> [apiv2][query] GET https://firebase.googleapis.com/v1beta1/projects/my-counter-386106 [none]
[debug] [2023-05-08T07:12:32.916Z] <<< [apiv2][status] GET https://firebase.googleapis.com/v1beta1/projects/my-counter-386106 200
[debug] [2023-05-08T07:12:32.916Z] <<< [apiv2][body] GET https://firebase.googleapis.com/v1beta1/projects/my-counter-386106 {"projectId":"my-counter-386106","projectNumber":"855171932060","displayName":"My Counter","name":"projects/my-counter-386106","resources":{"hostingSite":"my-counter-386106"},"state":"ACTIVE","etag":"1_244e032c-fc10-470b-99fb-03cacd876e8b"}
[debug] [2023-05-08T07:12:51.436Z] >>> [apiv2][query] POST https://firebasedatabase.googleapis.com/v1beta/projects/my-counter-386106/locations/asia-southeast1/instances databaseId=my-counter-386106-default-rtdb&validateOnly=true
[debug] [2023-05-08T07:12:51.437Z] >>> [apiv2][body] POST https://firebasedatabase.googleapis.com/v1beta/projects/my-counter-386106/locations/asia-southeast1/instances {"type":"default_database"}
[debug] [2023-05-08T07:12:52.178Z] <<< [apiv2][status] POST https://firebasedatabase.googleapis.com/v1beta/projects/my-counter-386106/locations/asia-southeast1/instances 200
[debug] [2023-05-08T07:12:52.178Z] <<< [apiv2][body] POST https://firebasedatabase.googleapis.com/v1beta/projects/my-counter-386106/locations/asia-southeast1/instances {"name":"projects/855171932060/locations/asia-southeast1/instances/my-counter-386106-default-rtdb","project":"projects/855171932060","databaseUrl":"https://my-counter-386106-default-rtdb.asia-southeast1.firebasedatabase.app","type":"DEFAULT_DATABASE","state":"ACTIVE"}
[debug] [2023-05-08T07:12:52.179Z] >>> [apiv2][query] POST https://firebasedatabase.googleapis.com/v1beta/projects/my-counter-386106/locations/asia-southeast1/instances databaseId=my-counter-386106-default-rtdb
[debug] [2023-05-08T07:12:52.180Z] >>> [apiv2][body] POST https://firebasedatabase.googleapis.com/v1beta/projects/my-counter-386106/locations/asia-southeast1/instances {"type":"default_database"}
[debug] [2023-05-08T07:12:53.179Z] <<< [apiv2][status] POST https://firebasedatabase.googleapis.com/v1beta/projects/my-counter-386106/locations/asia-southeast1/instances 200
[debug] [2023-05-08T07:12:53.180Z] <<< [apiv2][body] POST https://firebasedatabase.googleapis.com/v1beta/projects/my-counter-386106/locations/asia-southeast1/instances {"name":"projects/855171932060/locations/asia-southeast1/instances/my-counter-386106-default-rtdb","project":"projects/855171932060","databaseUrl":"https://my-counter-386106-default-rtdb.asia-southeast1.firebasedatabase.app","type":"DEFAULT_DATABASE","state":"ACTIVE"}
[info] 
[info] Firebase Realtime Database Security Rules allow you to define how your data should be
[info] structured and when your data can be read from and written to.
[info] 
[debug] [2023-05-08T07:13:39.971Z] >>> [apiv2][query] GET https://my-counter-386106-default-rtdb.asia-southeast1.firebasedatabase.app/.settings/rules.json [none]
[debug] [2023-05-08T07:13:41.763Z] <<< [apiv2][status] GET https://my-counter-386106-default-rtdb.asia-southeast1.firebasedatabase.app/.settings/rules.json 200
[debug] [2023-05-08T07:13:41.763Z] <<< [apiv2][body] GET https://my-counter-386106-default-rtdb.asia-southeast1.firebasedatabase.app/.settings/rules.json [stream]
[info] ✔  Database Rules for my-counter-386106-default-rtdb have been written to database.rules.json. 
[info] Future modifications to database.rules.json will update Realtime Database Security Rules when you run
[info] firebase deploy.
[info] 
=== Hosting Setup
[info] 
[info] Your public directory is the folder (relative to your project directory) that
[info] will contain Hosting assets to be uploaded with firebase deploy. If you
[info] have a build process for your assets, use your build's output directory.
[info] 
[debug] [2023-05-08T07:14:38.228Z] >>> [apiv2][query] GET https://www.gstatic.com/firebasejs/releases.json [none]
[debug] [2023-05-08T07:14:38.362Z] <<< [apiv2][status] GET https://www.gstatic.com/firebasejs/releases.json 200
[debug] [2023-05-08T07:14:38.363Z] <<< [apiv2][body] GET https://www.gstatic.com/firebasejs/releases.json {"current":{"version":"9.21.0","browserURL":"https://www.gstatic.com/firebasejs/9.21.0/firebase.js","packageURL":"https://www.gstatic.com/firebasejs/9.21.0/firebase.tgz"},"live":{"version":"9.21","browserURL":"https://www.gstatic.com/firebasejs/live/9.21/firebase.js","packageURL":"https://www.gstatic.com/firebasejs/live/9.21/firebase.tgz"},"components":{"analytics":"https://www.gstatic.com/firebasejs/9.21.0/firebase-analytics.js","app":"https://www.gstatic.com/firebasejs/9.21.0/firebase-app.js","app-check":"https://www.gstatic.com/firebasejs/9.21.0/firebase-app-check.js","auth":"https://www.gstatic.com/firebasejs/9.21.0/firebase-auth.js","auth/cordova":"https://www.gstatic.com/firebasejs/9.21.0/firebase-auth/cordova.js","auth/react-native":"https://www.gstatic.com/firebasejs/9.21.0/firebase-auth/react-native.js","functions":"https://www.gstatic.com/firebasejs/9.21.0/firebase-functions.js","firestore":"https://www.gstatic.com/firebasejs/9.21.0/firebase-firestore.js","firestore/lite":"https://www.gstatic.com/firebasejs/9.21.0/firebase-firestore/lite.js","installations":"https://www.gstatic.com/firebasejs/9.21.0/firebase-installations.js","storage":"https://www.gstatic.com/firebasejs/9.21.0/firebase-storage.js","performance":"https://www.gstatic.com/firebasejs/9.21.0/firebase-performance.js","remote-config":"https://www.gstatic.com/firebasejs/9.21.0/firebase-remote-config.js","messaging":"https://www.gstatic.com/firebasejs/9.21.0/firebase-messaging.js","messaging/sw":"https://www.gstatic.com/firebasejs/9.21.0/firebase-messaging/sw.js","database":"https://www.gstatic.com/firebasejs/9.21.0/firebase-database.js","firestore.memory":"https://www.gstatic.com/firebasejs/9.21.0/firebase-firestore.memory.js"}}
[info] i  Skipping write of public/index.html 
[info] 
[info] i  Detected a .git folder at /Users/wa-pc052/Documents/counter 
[info] i  Authorizing with GitHub to upload your service account to a GitHub repository's secrets store. 
[info] 
[info] Visit this URL on this device to log in:
[info] https://github.com/login/oauth/authorize?client_id=89cf50f02ac6aaed3484&state=332636864&redirect_uri=http%3A%2F%2Flocalhost%3A9005&scope=read%3Auser%20repo%20public_repo
[info] 
[info] Waiting for authentication...
[debug] [2023-05-08T07:15:27.833Z] >>> [apiv2][query] POST https://github.com/login/oauth/access_token [none]
[debug] [2023-05-08T07:15:27.834Z] >>> [apiv2][body] POST https://github.com/login/oauth/access_token [stream]
[debug] [2023-05-08T07:15:28.198Z] <<< [apiv2][status] POST https://github.com/login/oauth/access_token 200
[debug] [2023-05-08T07:15:28.198Z] <<< [apiv2][body] POST https://github.com/login/oauth/access_token {"access_token":"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","token_type":"bearer","scope":"read:user,repo"}
[debug] [2023-05-08T07:15:28.208Z] >>> [apiv2][query] GET https://api.github.com/user [none]
[debug] [2023-05-08T07:15:28.622Z] <<< [apiv2][status] GET https://api.github.com/user 200
[debug] [2023-05-08T07:15:28.622Z] <<< [apiv2][body] GET https://api.github.com/user {"login":"qaz741qhn","id":80048323,"node_id":"MDQ6VXNlcjgwMDQ4MzIz","avatar_url":"https://avatars.githubusercontent.com/u/80048323?v=4","gravatar_id":"","url":"https://api.github.com/users/qaz741qhn","html_url":"https://github.com/qaz741qhn","followers_url":"https://api.github.com/users/qaz741qhn/followers","following_url":"https://api.github.com/users/qaz741qhn/following{/other_user}","gists_url":"https://api.github.com/users/qaz741qhn/gists{/gist_id}","starred_url":"https://api.github.com/users/qaz741qhn/starred{/owner}{/repo}","subscriptions_url":"https://api.github.com/users/qaz741qhn/subscriptions","organizations_url":"https://api.github.com/users/qaz741qhn/orgs","repos_url":"https://api.github.com/users/qaz741qhn/repos","events_url":"https://api.github.com/users/qaz741qhn/events{/privacy}","received_events_url":"https://api.github.com/users/qaz741qhn/received_events","type":"User","site_admin":false,"name":"Ching Lee","company":null,"blog":"","location":"Fukuoka, Japan","email":null,"hireable":null,"bio":null,"twitter_username":"lizliz702","public_repos":15,"public_gists":0,"followers":1,"following":4,"created_at":"2021-03-04T13:35:34Z","updated_at":"2023-04-03T07:12:35Z","private_gists":0,"total_private_repos":14,"owned_private_repos":13,"disk_usage":102981,"collaborators":1,"two_factor_authentication":true,"plan":{"name":"free","space":976562499,"collaborators":0,"private_repos":10000}}
[info] 
[info] ✔  Success! Logged into GitHub as qaz741qhn 
[info] 
[debug] [2023-05-08T07:15:37.181Z] >>> [apiv2][query] GET https://api.github.com/repos//actions/secrets/public-key type=owner
[debug] [2023-05-08T07:15:37.448Z] <<< [apiv2][status] GET https://api.github.com/repos//actions/secrets/public-key 404
[debug] [2023-05-08T07:15:37.448Z] <<< [apiv2][body] GET https://api.github.com/repos//actions/secrets/public-key {"message":"Not Found","documentation_url":"https://docs.github.com/rest"}
[info] 
[info] 
[error] ⚠  The provided authorization cannot be used with this repository. If this repository is in an organization, did you remember to grant access? 
[info] 
[info] i  Action required: Visit this URL to ensure access has been granted to the appropriate organization(s) for the Firebase CLI GitHub OAuth App: 
[info] https://github.com/settings/connections/applications/89cf50f02ac6aaed3484
[info] 
